denittodeutsch_app_IoT2020/app/build/intermediates/manifest_merge_blame_file/release/manifest-merger-blame-release-report.txt
1<?xml version="1.0" encoding="utf-8"?>
2<manifest xmlns:android="http://schemas.android.com/apk/res/android"
3    package="com.deNittoDeutsch.IoT_App" >
4
5    <uses-sdk
6        android:minSdkVersion="24"
6-->src\main\AndroidManifest.xml
7        android:targetSdkVersion="24" />
7-->src\main\AndroidManifest.xml
8
9    <uses-permission android:name="android.permission.ACCESS_COARSE_LOCATION" />
9-->src\main\AndroidManifest.xml:5:5-81
9-->src\main\AndroidManifest.xml:5:22-78
10    <uses-permission android:name="android.permission.ACCESS_FINE_LOCATION" />
10-->src\main\AndroidManifest.xml:6:5-79
10-->src\main\AndroidManifest.xml:6:22-76
11    <uses-permission android:name="android.permission.WAKE_LOCK" />
11-->src\main\AndroidManifest.xml:7:5-68
11-->src\main\AndroidManifest.xml:7:22-65
12    <uses-permission android:name="android.permission.INTERNET" />
12-->src\main\AndroidManifest.xml:8:5-67
12-->src\main\AndroidManifest.xml:8:22-64
13    <uses-permission android:name="android.permission.ACCESS_NETWORK_STATE" />
13-->src\main\AndroidManifest.xml:9:5-79
13-->src\main\AndroidManifest.xml:9:22-76
14    <uses-permission android:name="android.permission.READ_PHONE_STATE" />
14-->src\main\AndroidManifest.xml:10:5-75
14-->src\main\AndroidManifest.xml:10:22-72
15
16    <uses-feature android:name="android.hardware.location.gps" />
16-->src\main\AndroidManifest.xml:12:5-66
16-->src\main\AndroidManifest.xml:12:19-63
17    <uses-feature android:name="android.hardware.location.network" />
17-->src\main\AndroidManifest.xml:13:5-70
17-->src\main\AndroidManifest.xml:13:19-67
18
19    <application
19-->src\main\AndroidManifest.xml:15:5-27:19
20        android:allowBackup="false"
20-->src\main\AndroidManifest.xml:17:9-36
21        android:debuggable="true"
22        android:extractNativeLibs="false"
23        android:icon="@drawable/ic_launcher"
23-->src\main\AndroidManifest.xml:15:18-54
24        android:label="@string/app_name" >
24-->src\main\AndroidManifest.xml:16:9-41
25        <activity
25-->src\main\AndroidManifest.xml:18:9-24:20
26            android:name="com.deNittoDeutsch.IoT_App.IoTappActivity"
26-->src\main\AndroidManifest.xml:18:19-48
27            android:label="@string/app_name" >
27-->src\main\AndroidManifest.xml:19:19-51
28            <intent-filter>
28-->src\main\AndroidManifest.xml:20:13-23:29
29                <action android:name="android.intent.action.MAIN" />
29-->src\main\AndroidManifest.xml:21:17-69
29-->src\main\AndroidManifest.xml:21:25-66
30
31                <category android:name="android.intent.category.LAUNCHER" />
31-->src\main\AndroidManifest.xml:22:17-77
31-->src\main\AndroidManifest.xml:22:27-74
32            </intent-filter>
33        </activity>
34
35        <service android:name="org.eclipse.paho.android.service.MqttService" >
35-->src\main\AndroidManifest.xml:25:9-26:19
35-->src\main\AndroidManifest.xml:25:18-77
36        </service>
37    </application>
38
39</manifest>